Base path: C:/Program Files/Unity/Editor/Data
Pipe name: \\.\pipe\UnityShaderCompiler-64bit-1-4796
Cmd: getPlatforms
Cmd: preprocess
  insize=2839 outsize=2216 ok=1
Cmd: preprocess
  insize=2840 outsize=2217 ok=1
Cmd: preprocess
  insize=2839 outsize=2216 ok=1
Cmd: preprocess
  insize=2840 outsize=2217 ok=1
Cmd: preprocess
  insize=2840 outsize=2217 ok=1
Cmd: preprocess
  insize=2840 outsize=2217 ok=1
Cmd: preprocess
  insize=2840 outsize=2217 ok=1
Cmd: preprocess
  insize=2843 outsize=2220 ok=1
Cmd: preprocess
  insize=2842 outsize=2219 ok=1
Cmd: preprocess
  insize=2844 outsize=2219 ok=1
Cmd: compileSnippet
  api=4 type=0 insize=928 outsize=1615 kw= ok=1
Cmd: compileSnippet
  error: 2 plat 4 at (62): 'frag': Not all control paths return a value\nCompiling Fragment program
  api=4 type=1 insize=928 outsize=0 kw= ok=0
Cmd: preprocess
  insize=2842 outsize=2219 ok=1
Cmd: preprocess
  insize=1527 outsize=904 ok=1
Cmd: preprocess
  insize=2842 outsize=2219 ok=1
Cmd: preprocess
  insize=2904 outsize=2281 ok=1
Cmd: preprocess
  insize=2906 outsize=2283 ok=1
Cmd: preprocess
  insize=2938 outsize=2348 ok=1
Cmd: preprocess
  insize=2842 outsize=2219 ok=1
Cmd: preprocess
  insize=2930 outsize=2307 ok=1
Cmd: preprocess
  insize=2931 outsize=2308 ok=1
Cmd: preprocess
  insize=2933 outsize=2310 ok=1
Cmd: preprocess
  insize=2933 outsize=2310 ok=1
Cmd: preprocess
  insize=2930 outsize=2307 ok=1
Cmd: preprocess
  insize=2931 outsize=2308 ok=1
Cmd: preprocess
  insize=2952 outsize=2329 ok=1
Cmd: compileSnippet
  api=4 type=0 insize=926 outsize=1615 kw= ok=1
Cmd: compileSnippet
  api=4 type=1 insize=926 outsize=518 kw= ok=1
Cmd: preprocess
  insize=2946 outsize=2323 ok=1
Cmd: preprocess
  insize=2949 outsize=2326 ok=1
Cmd: preprocess
  insize=2948 outsize=2325 ok=1
Cmd: preprocess
  insize=2947 outsize=2324 ok=1
Cmd: preprocess
  insize=2947 outsize=2324 ok=1
Cmd: preprocess
  insize=2947 outsize=2324 ok=1
Cmd: preprocess
  insize=2944 outsize=2321 ok=1
Cmd: preprocess
  insize=2946 outsize=2323 ok=1
